<?xml version="1.0" encoding="UTF-8"?>
<testsuite xmlns:xsi="http://www.w3.org/2001/XMLSchema-instance" xsi:noNamespaceSchemaLocation="https://maven.apache.org/surefire/maven-surefire-plugin/xsd/surefire-test-report.xsd" name="com.kamil.iregular_verbs.VerbsCollectionTest" time="0.082" tests="5" errors="0" skipped="0" failures="0">
  <properties>
[...]
</properties>
  <testcase name="shouldReturnAllVerbsFromCollectionSortedByTranslation" classname="com.kamil.iregular_verbs.VerbsCollectionTest" time="0.053"/>
  <testcase name="shouldRemoveGivenVerbFromCollection" classname="com.kamil.iregular_verbs.VerbsCollectionTest" time="0.002"/>
  <testcase name="shouldReturnAllVerbsFromCollectionSortedByInfinitive" classname="com.kamil.iregular_verbs.VerbsCollectionTest" time="0.003"/>
  <testcase name="shouldDoNothingWhenAskedForRemoveVerbNotPresentInCollection" classname="com.kamil.iregular_verbs.VerbsCollectionTest" time="0.002"/>
  <testcase name="shouldAddGivenVerbToCollection" classname="com.kamil.iregular_verbs.VerbsCollectionTest" time="0.001"/>
</testsuite>